0 info it worked if it ends with ok
1 verbose cli [ 'node',
1 verbose cli   '/usr/local/bin/npm',
1 verbose cli   'install',
1 verbose cli   'grunt-sass-globbing',
1 verbose cli   '--save-dev' ]
2 info using npm@1.4.28
3 info using node@v0.10.35
4 warn package.json c5-boilerplate@1.0.0 No description
5 warn package.json c5-boilerplate@1.0.0 No README data
6 verbose readDependencies using package.json deps
7 verbose cache add [ 'grunt-sass-globbing', null ]
8 verbose cache add name=undefined spec="grunt-sass-globbing" args=["grunt-sass-globbing",null]
9 verbose parsed url { protocol: null,
9 verbose parsed url   slashes: null,
9 verbose parsed url   auth: null,
9 verbose parsed url   host: null,
9 verbose parsed url   port: null,
9 verbose parsed url   hostname: null,
9 verbose parsed url   hash: null,
9 verbose parsed url   search: null,
9 verbose parsed url   query: null,
9 verbose parsed url   pathname: 'grunt-sass-globbing',
9 verbose parsed url   path: 'grunt-sass-globbing',
9 verbose parsed url   href: 'grunt-sass-globbing' }
10 silly lockFile 19deb600-grunt-sass-globbing grunt-sass-globbing
11 verbose lock grunt-sass-globbing /Users/macbookair/.npm/19deb600-grunt-sass-globbing.lock
12 silly lockFile 19deb600-grunt-sass-globbing grunt-sass-globbing
13 silly lockFile 19deb600-grunt-sass-globbing grunt-sass-globbing
14 verbose addNamed [ 'grunt-sass-globbing', '' ]
15 verbose addNamed [ null, '*' ]
16 silly lockFile 41e813f0-grunt-sass-globbing grunt-sass-globbing@
17 verbose lock grunt-sass-globbing@ /Users/macbookair/.npm/41e813f0-grunt-sass-globbing.lock
18 silly addNameRange { name: 'grunt-sass-globbing', range: '*', hasData: false }
19 verbose request where is /grunt-sass-globbing
20 verbose request registry https://registry.npmjs.org/
21 verbose request id 090229f51a84a9ac
22 verbose url raw /grunt-sass-globbing
23 verbose url resolving [ 'https://registry.npmjs.org/', './grunt-sass-globbing' ]
24 verbose url resolved https://registry.npmjs.org/grunt-sass-globbing
25 verbose request where is https://registry.npmjs.org/grunt-sass-globbing
26 info trying registry request attempt 1 at 21:43:54
27 http GET https://registry.npmjs.org/grunt-sass-globbing
28 info retry will retry, error on last attempt: Error: getaddrinfo ENOTFOUND
29 info trying registry request attempt 2 at 21:44:39
30 http GET https://registry.npmjs.org/grunt-sass-globbing
31 info retry will retry, error on last attempt: Error: getaddrinfo ENOTFOUND
32 info trying registry request attempt 3 at 21:46:14
33 http GET https://registry.npmjs.org/grunt-sass-globbing
34 silly lockFile 41e813f0-grunt-sass-globbing grunt-sass-globbing@
35 silly lockFile 41e813f0-grunt-sass-globbing grunt-sass-globbing@
36 error network getaddrinfo ENOTFOUND
36 error network This is most likely not a problem with npm itself
36 error network and is related to network connectivity.
36 error network In most cases you are behind a proxy or have bad network settings.
36 error network
36 error network If you are behind a proxy, please make sure that the
36 error network 'proxy' config is set properly.  See: 'npm help config'
37 error System Darwin 14.0.0
38 error command "node" "/usr/local/bin/npm" "install" "grunt-sass-globbing" "--save-dev"
39 error cwd /Users/macbookair/Sites/dev/c5-boilerplate
40 error node -v v0.10.35
41 error npm -v 1.4.28
42 error syscall getaddrinfo
43 error code ENOTFOUND
44 error errno ENOTFOUND
45 verbose exit [ 1, true ]
